2023-08-18T16:16:18.993Z error: ID Inexistente
2023-08-18T16:16:47.743Z error: ID Inexistente
2023-08-18T16:18:09.254Z error: ID Inexistente
2023-08-18T16:18:33.636Z error: El carrito con ID 6spjihJhDKwp0qyBHOCp223H8 no existe
2023-08-21T19:42:53.551Z error: undefined
2023-08-21T19:43:11.380Z error: undefined
2023-08-21T20:15:56.018Z error: El carrito con ID 1QzXb5T48oux3pgH9uO1LpU6i no existe
2023-08-21T20:35:54.272Z error: El carrito con ID 1QzXb5T48oux3pgH9uO1LpU6y no existe
2023-08-21T20:36:46.787Z error: El carrito con ID 1QzXb5T48oux3pgH9uO1LpU6y no existe
2023-08-21T20:39:52.383Z error: El carrito con ID 1QzXb5T48oux3pgH9uO1LpU6ñ no existe
2023-08-23T19:48:28.711Z error: El carrito con ID 1QzXb5T48oux3pgH9uO1LpU6t no existe
2023-08-30T00:25:36.367Z error: User already exists
2023-08-30T00:25:56.836Z error: User already exists
2023-09-01T12:26:32.473Z error: No existe un usuario con el email brindado
2023-09-01T12:33:11.249Z error: No existe un usuario con el email proporcionado
2023-09-01T12:34:03.553Z error: No existe un usuario con el email proporcionado
2023-09-01T12:35:59.004Z error: No existe un usuario con el email proporcionado
2023-09-01T12:36:20.544Z error: No existe un usuario con el email proporcionado
2023-09-01T14:03:54.520Z error: recover-tokens validation failed: email: Path `email` is required.
2023-09-01T22:00:32.876Z error: Token expirado o invalido
2023-09-01T22:25:04.962Z error: RecoverTokensMongoose is not defined
2023-09-01T22:26:25.480Z error: undefined
2023-09-01T22:26:59.923Z error: usersModel.findOne is not a function
2023-09-01T22:29:32.462Z error: usersModel is not defined
2023-09-01T22:31:36.891Z error: Cannot read properties of null (reading 'email')
2023-09-01T22:32:13.183Z error: Cannot read properties of null (reading 'email')
2023-09-01T22:33:46.516Z error: Assignment to constant variable.
2023-09-01T22:34:03.610Z error: Assignment to constant variable.
2023-09-01T22:34:35.046Z error: Assignment to constant variable.
2023-09-01T22:34:47.026Z error: Assignment to constant variable.
2023-09-01T22:36:15.356Z error: Assignment to constant variable.
